#-----------------------------------------------------------
# Vivado v2016.4 (64-bit)
# SW Build 1756540 on Mon Jan 23 19:11:23 MST 2017
# IP Build 1755317 on Mon Jan 23 20:30:07 MST 2017
# Start of session at: Fri Apr 21 14:10:29 2017
# Process ID: 4996
# Current directory: C:/Users/DanB/Desktop/ProcesorFinal/Mips16
# Command line: vivado.exe -gui_launcher_event rodinguilauncherevent952 C:\Users\DanB\Desktop\ProcesorFinal\Mips16\Mips16.xpr
# Log file: C:/Users/DanB/Desktop/ProcesorFinal/Mips16/vivado.log
# Journal file: C:/Users/DanB/Desktop/ProcesorFinal/Mips16\vivado.jou
#-----------------------------------------------------------
start_gui
open_project C:/Users/DanB/Desktop/ProcesorFinal/Mips16/Mips16.xpr
INFO: [Project 1-313] Project file moved from 'C:/Users/Flo/Desktop/ProcesorFinal/Mips16' since last save.
CRITICAL WARNING: [Project 1-311] Could not find the file 'C:/Users/DanB/Desktop/MipsFinal/ROM.vhd', nor could it be found using path 'C:/Users/Flo/Desktop/MipsFinal/ROM.vhd'.
CRITICAL WARNING: [Project 1-311] Could not find the file 'C:/Users/DanB/Desktop/MipsFinal/RAM.vhd', nor could it be found using path 'C:/Users/Flo/Desktop/MipsFinal/RAM.vhd'.
CRITICAL WARNING: [Project 1-311] Could not find the file 'C:/Users/DanB/Desktop/MipsFinal/RF.vhd', nor could it be found using path 'C:/Users/Flo/Desktop/MipsFinal/RF.vhd'.
CRITICAL WARNING: [Project 1-311] Could not find the file 'C:/Users/DanB/Desktop/MipsFinal/UC.vhd', nor could it be found using path 'C:/Users/Flo/Desktop/MipsFinal/UC.vhd'.
CRITICAL WARNING: [Project 1-311] Could not find the file 'C:/Users/DanB/Desktop/MipsFinal/ssg.vhd', nor could it be found using path 'C:/Users/Flo/Desktop/MipsFinal/ssg.vhd'.
CRITICAL WARNING: [Project 1-311] Could not find the file 'C:/Users/DanB/Desktop/MipsFinal/MPG.vhd', nor could it be found using path 'C:/Users/Flo/Desktop/MipsFinal/MPG.vhd'.
CRITICAL WARNING: [Project 1-311] Could not find the file 'C:/Users/DanB/Desktop/MipsFinal/MemoryData.vhd', nor could it be found using path 'C:/Users/Flo/Desktop/MipsFinal/MemoryData.vhd'.
CRITICAL WARNING: [Project 1-311] Could not find the file 'C:/Users/DanB/Desktop/MipsFinal/IF.vhd', nor could it be found using path 'C:/Users/Flo/Desktop/MipsFinal/IF.vhd'.
CRITICAL WARNING: [Project 1-311] Could not find the file 'C:/Users/DanB/Desktop/MipsFinal/EX.vhd', nor could it be found using path 'C:/Users/Flo/Desktop/MipsFinal/EX.vhd'.
CRITICAL WARNING: [Project 1-311] Could not find the file 'C:/Users/DanB/Desktop/MipsFinal/ID.vhd', nor could it be found using path 'C:/Users/Flo/Desktop/MipsFinal/ID.vhd'.
CRITICAL WARNING: [Project 1-311] Could not find the file 'C:/Users/DanB/Desktop/MipsFinal/test_env.vhd', nor could it be found using path 'C:/Users/Flo/Desktop/MipsFinal/test_env.vhd'.
CRITICAL WARNING: [Project 1-19] Could not find the file 'D:/Faculta/Anul II/Sem II/AC lab/Basys3_test_env.xdc'.
Scanning sources...
Finished scanning sources
INFO: [IP_Flow 19-234] Refreshing IP repositories
INFO: [IP_Flow 19-1704] No user IP repositories specified
INFO: [IP_Flow 19-2313] Loaded Vivado IP repository 'D:/Xilinux/Vivado/2016.4/data/ip'.
open_project: Time (s): cpu = 00:00:32 ; elapsed = 00:00:16 . Memory (MB): peak = 814.355 ; gain = 128.512
exit
INFO: [Common 17-206] Exiting Vivado at Fri Apr 21 14:16:53 2017...
