#-----------------------------------------------------------
# Vivado v2016.4 (64-bit)
# SW Build 1756540 on Mon Jan 23 19:11:23 MST 2017
# IP Build 1755317 on Mon Jan 23 20:30:07 MST 2017
# Start of session at: Thu May 11 21:40:43 2017
# Process ID: 9460
# Current directory: C:/Users/DanB/Desktop/ProcesorFinal/Mips16
# Command line: vivado.exe -gui_launcher_event rodinguilauncherevent9708 C:\Users\DanB\Desktop\ProcesorFinal\Mips16\Mips16.xpr
# Log file: C:/Users/DanB/Desktop/ProcesorFinal/Mips16/vivado.log
# Journal file: C:/Users/DanB/Desktop/ProcesorFinal/Mips16\vivado.jou
#-----------------------------------------------------------
start_gui
open_project C:/Users/DanB/Desktop/ProcesorFinal/Mips16/Mips16.xpr
Scanning sources...
Finished scanning sources
INFO: [IP_Flow 19-234] Refreshing IP repositories
INFO: [IP_Flow 19-1704] No user IP repositories specified
INFO: [IP_Flow 19-2313] Loaded Vivado IP repository 'D:/Xilinux/Vivado/2016.4/data/ip'.
open_project: Time (s): cpu = 00:00:37 ; elapsed = 00:00:18 . Memory (MB): peak = 775.723 ; gain = 105.480
exit
INFO: [Common 17-206] Exiting Vivado at Thu May 11 21:43:46 2017...
