#-----------------------------------------------------------
# Vivado v2016.4 (64-bit)
# SW Build 1756540 on Mon Jan 23 19:11:23 MST 2017
# IP Build 1755317 on Mon Jan 23 20:30:07 MST 2017
# Start of session at: Fri Apr 28 02:13:34 2017
# Process ID: 6124
# Current directory: C:/Users/DanB/Desktop/ProcesorFinal/Mips16
# Command line: vivado.exe -gui_launcher_event rodinguilauncherevent3548 C:\Users\DanB\Desktop\ProcesorFinal\Mips16\Mips16.xpr
# Log file: C:/Users/DanB/Desktop/ProcesorFinal/Mips16/vivado.log
# Journal file: C:/Users/DanB/Desktop/ProcesorFinal/Mips16\vivado.jou
#-----------------------------------------------------------
start_gui
open_project C:/Users/DanB/Desktop/ProcesorFinal/Mips16/Mips16.xpr
Scanning sources...
Finished scanning sources
INFO: [IP_Flow 19-234] Refreshing IP repositories
INFO: [IP_Flow 19-1704] No user IP repositories specified
INFO: [IP_Flow 19-2313] Loaded Vivado IP repository 'D:/Xilinux/Vivado/2016.4/data/ip'.
open_project: Time (s): cpu = 00:00:30 ; elapsed = 00:00:16 . Memory (MB): peak = 756.992 ; gain = 88.543
reset_run impl_1 -prev_step 
launch_runs impl_1 -to_step write_bitstream -jobs 4
[Fri Apr 28 02:17:37 2017] Launched impl_1...
Run output will be captured here: C:/Users/DanB/Desktop/ProcesorFinal/Mips16/Mips16.runs/impl_1/runme.log
exit
INFO: [Common 17-206] Exiting Vivado at Fri Apr 28 02:19:36 2017...
