#-----------------------------------------------------------
# Vivado v2016.4 (64-bit)
# SW Build 1756540 on Mon Jan 23 19:11:23 MST 2017
# IP Build 1755317 on Mon Jan 23 20:30:07 MST 2017
# Start of session at: Fri Apr 21 14:28:19 2017
# Process ID: 7516
# Current directory: C:/Users/DanB/Desktop/ProcesorFinal/Mips16
# Command line: vivado.exe -gui_launcher_event rodinguilauncherevent820 C:\Users\DanB\Desktop\ProcesorFinal\Mips16\Mips16.xpr
# Log file: C:/Users/DanB/Desktop/ProcesorFinal/Mips16/vivado.log
# Journal file: C:/Users/DanB/Desktop/ProcesorFinal/Mips16\vivado.jou
#-----------------------------------------------------------
start_gui
open_project C:/Users/DanB/Desktop/ProcesorFinal/Mips16/Mips16.xpr
INFO: [Project 1-313] Project file moved from 'C:/Users/Flo/Desktop/ProcesorFinal/Mips16' since last save.
CRITICAL WARNING: [Project 1-311] Could not find the file 'C:/Users/DanB/Desktop/MipsFinal/ROM.vhd', nor could it be found using path 'C:/Users/Flo/Desktop/MipsFinal/ROM.vhd'.
CRITICAL WARNING: [Project 1-311] Could not find the file 'C:/Users/DanB/Desktop/MipsFinal/RAM.vhd', nor could it be found using path 'C:/Users/Flo/Desktop/MipsFinal/RAM.vhd'.
CRITICAL WARNING: [Project 1-311] Could not find the file 'C:/Users/DanB/Desktop/MipsFinal/RF.vhd', nor could it be found using path 'C:/Users/Flo/Desktop/MipsFinal/RF.vhd'.
CRITICAL WARNING: [Project 1-311] Could not find the file 'C:/Users/DanB/Desktop/MipsFinal/UC.vhd', nor could it be found using path 'C:/Users/Flo/Desktop/MipsFinal/UC.vhd'.
CRITICAL WARNING: [Project 1-311] Could not find the file 'C:/Users/DanB/Desktop/MipsFinal/ssg.vhd', nor could it be found using path 'C:/Users/Flo/Desktop/MipsFinal/ssg.vhd'.
CRITICAL WARNING: [Project 1-311] Could not find the file 'C:/Users/DanB/Desktop/MipsFinal/MPG.vhd', nor could it be found using path 'C:/Users/Flo/Desktop/MipsFinal/MPG.vhd'.
CRITICAL WARNING: [Project 1-311] Could not find the file 'C:/Users/DanB/Desktop/MipsFinal/MemoryData.vhd', nor could it be found using path 'C:/Users/Flo/Desktop/MipsFinal/MemoryData.vhd'.
CRITICAL WARNING: [Project 1-311] Could not find the file 'C:/Users/DanB/Desktop/MipsFinal/IF.vhd', nor could it be found using path 'C:/Users/Flo/Desktop/MipsFinal/IF.vhd'.
CRITICAL WARNING: [Project 1-311] Could not find the file 'C:/Users/DanB/Desktop/MipsFinal/EX.vhd', nor could it be found using path 'C:/Users/Flo/Desktop/MipsFinal/EX.vhd'.
CRITICAL WARNING: [Project 1-311] Could not find the file 'C:/Users/DanB/Desktop/MipsFinal/ID.vhd', nor could it be found using path 'C:/Users/Flo/Desktop/MipsFinal/ID.vhd'.
CRITICAL WARNING: [Project 1-311] Could not find the file 'C:/Users/DanB/Desktop/MipsFinal/test_env.vhd', nor could it be found using path 'C:/Users/Flo/Desktop/MipsFinal/test_env.vhd'.
CRITICAL WARNING: [Project 1-19] Could not find the file 'D:/Faculta/Anul II/Sem II/AC lab/Basys3_test_env.xdc'.
Scanning sources...
Finished scanning sources
INFO: [IP_Flow 19-234] Refreshing IP repositories
INFO: [IP_Flow 19-1704] No user IP repositories specified
INFO: [IP_Flow 19-2313] Loaded Vivado IP repository 'D:/Xilinux/Vivado/2016.4/data/ip'.
open_project: Time (s): cpu = 00:00:30 ; elapsed = 00:00:15 . Memory (MB): peak = 835.762 ; gain = 152.238
update_files -from_files C:/Users/DanB/Desktop/ProcesorFinal/Mips16/test_env.srcs/sources_1/new/EX.vhd -to_files C:/Users/DanB/Desktop/MipsFinal/EX.vhd -filesets [get_filesets *]
INFO: [filemgmt 20-762] Replacing file 'C:/Users/DanB/Desktop/MipsFinal/EX.vhd' with file 'C:/Users/DanB/Desktop/ProcesorFinal/Mips16/test_env.srcs/sources_1/new/EX.vhd'.
update_files -from_files C:/Users/DanB/Desktop/ProcesorFinal/Mips16/test_env.srcs/sources_1/new/ID.vhd -to_files C:/Users/DanB/Desktop/MipsFinal/ID.vhd -filesets [get_filesets *]
INFO: [filemgmt 20-762] Replacing file 'C:/Users/DanB/Desktop/MipsFinal/ID.vhd' with file 'C:/Users/DanB/Desktop/ProcesorFinal/Mips16/test_env.srcs/sources_1/new/ID.vhd'.
update_compile_order -fileset sources_1
update_compile_order -fileset sim_1
update_files -from_files C:/Users/DanB/Desktop/ProcesorFinal/Mips16/test_env.srcs/sources_1/new/IF.vhd -to_files C:/Users/DanB/Desktop/MipsFinal/IF.vhd -filesets [get_filesets *]
INFO: [filemgmt 20-762] Replacing file 'C:/Users/DanB/Desktop/MipsFinal/IF.vhd' with file 'C:/Users/DanB/Desktop/ProcesorFinal/Mips16/test_env.srcs/sources_1/new/IF.vhd'.
update_files -from_files C:/Users/DanB/Desktop/ProcesorFinal/Mips16/test_env.srcs/sources_1/new/MPG.vhd -to_files C:/Users/DanB/Desktop/MipsFinal/MPG.vhd -filesets [get_filesets *]
INFO: [filemgmt 20-762] Replacing file 'C:/Users/DanB/Desktop/MipsFinal/MPG.vhd' with file 'C:/Users/DanB/Desktop/ProcesorFinal/Mips16/test_env.srcs/sources_1/new/MPG.vhd'.
update_files -from_files C:/Users/DanB/Desktop/ProcesorFinal/Mips16/test_env.srcs/sources_1/new/MemoryData.vhd -to_files C:/Users/DanB/Desktop/MipsFinal/MemoryData.vhd -filesets [get_filesets *]
INFO: [filemgmt 20-762] Replacing file 'C:/Users/DanB/Desktop/MipsFinal/MemoryData.vhd' with file 'C:/Users/DanB/Desktop/ProcesorFinal/Mips16/test_env.srcs/sources_1/new/MemoryData.vhd'.
update_files -from_files C:/Users/DanB/Desktop/ProcesorFinal/Mips16/test_env.srcs/sources_1/new/RAM.vhd -to_files C:/Users/DanB/Desktop/MipsFinal/RAM.vhd -filesets [get_filesets *]
INFO: [filemgmt 20-762] Replacing file 'C:/Users/DanB/Desktop/MipsFinal/RAM.vhd' with file 'C:/Users/DanB/Desktop/ProcesorFinal/Mips16/test_env.srcs/sources_1/new/RAM.vhd'.
update_files -from_files C:/Users/DanB/Desktop/ProcesorFinal/Mips16/test_env.srcs/sources_1/new/RF.vhd -to_files C:/Users/DanB/Desktop/MipsFinal/RF.vhd -filesets [get_filesets *]
INFO: [filemgmt 20-762] Replacing file 'C:/Users/DanB/Desktop/MipsFinal/RF.vhd' with file 'C:/Users/DanB/Desktop/ProcesorFinal/Mips16/test_env.srcs/sources_1/new/RF.vhd'.
update_files -from_files C:/Users/DanB/Desktop/ProcesorFinal/Mips16/test_env.srcs/sources_1/new/ROM.vhd -to_files C:/Users/DanB/Desktop/MipsFinal/ROM.vhd -filesets [get_filesets *]
INFO: [filemgmt 20-762] Replacing file 'C:/Users/DanB/Desktop/MipsFinal/ROM.vhd' with file 'C:/Users/DanB/Desktop/ProcesorFinal/Mips16/test_env.srcs/sources_1/new/ROM.vhd'.
update_files -from_files C:/Users/DanB/Desktop/ProcesorFinal/Mips16/test_env.srcs/sources_1/new/UC.vhd -to_files C:/Users/DanB/Desktop/MipsFinal/UC.vhd -filesets [get_filesets *]
INFO: [filemgmt 20-762] Replacing file 'C:/Users/DanB/Desktop/MipsFinal/UC.vhd' with file 'C:/Users/DanB/Desktop/ProcesorFinal/Mips16/test_env.srcs/sources_1/new/UC.vhd'.
update_files -from_files C:/Users/DanB/Desktop/ProcesorFinal/Mips16/test_env.srcs/sources_1/new/ssg.vhd -to_files C:/Users/DanB/Desktop/MipsFinal/ssg.vhd -filesets [get_filesets *]
INFO: [filemgmt 20-762] Replacing file 'C:/Users/DanB/Desktop/MipsFinal/ssg.vhd' with file 'C:/Users/DanB/Desktop/ProcesorFinal/Mips16/test_env.srcs/sources_1/new/ssg.vhd'.
update_files -from_files C:/Users/DanB/Desktop/ProcesorFinal/Mips16/test_env.srcs/sources_1/new/test_env.vhd -to_files C:/Users/DanB/Desktop/MipsFinal/test_env.vhd -filesets [get_filesets *]
INFO: [filemgmt 20-762] Replacing file 'C:/Users/DanB/Desktop/MipsFinal/test_env.vhd' with file 'C:/Users/DanB/Desktop/ProcesorFinal/Mips16/test_env.srcs/sources_1/new/test_env.vhd'.
update_compile_order -fileset sources_1
update_compile_order -fileset sim_1
WARNING: [filemgmt 56-199] Attempt to get parsing info during refresh. "On-the-fly" syntax checking information may be incorrect. [C:/Users/DanB/Desktop/ProcesorFinal/Mips16/test_env.srcs/sources_1/new/MemoryData.vhd:]
WARNING: [filemgmt 56-199] Attempt to get parsing info during refresh. "On-the-fly" syntax checking information may be incorrect. [C:/Users/DanB/Desktop/ProcesorFinal/Mips16/test_env.srcs/sources_1/new/EX.vhd:]
WARNING: [filemgmt 56-199] Attempt to get parsing info during refresh. "On-the-fly" syntax checking information may be incorrect. [C:/Users/DanB/Desktop/ProcesorFinal/Mips16/test_env.srcs/sources_1/new/RF.vhd:]
WARNING: [filemgmt 56-199] Attempt to get parsing info during refresh. "On-the-fly" syntax checking information may be incorrect. [C:/Users/DanB/Desktop/ProcesorFinal/Mips16/test_env.srcs/sources_1/new/MPG.vhd:]
WARNING: [filemgmt 56-199] Attempt to get parsing info during refresh. "On-the-fly" syntax checking information may be incorrect. [C:/Users/DanB/Desktop/ProcesorFinal/Mips16/test_env.srcs/sources_1/new/ID.vhd:]
WARNING: [filemgmt 56-199] Attempt to get parsing info during refresh. "On-the-fly" syntax checking information may be incorrect. [C:/Users/DanB/Desktop/ProcesorFinal/Mips16/test_env.srcs/sources_1/new/UC.vhd:]
WARNING: [filemgmt 56-199] Attempt to get parsing info during refresh. "On-the-fly" syntax checking information may be incorrect. [C:/Users/DanB/Desktop/ProcesorFinal/Mips16/test_env.srcs/sources_1/new/IF.vhd:]
WARNING: [filemgmt 56-199] Attempt to get parsing info during refresh. "On-the-fly" syntax checking information may be incorrect. [C:/Users/DanB/Desktop/ProcesorFinal/Mips16/test_env.srcs/sources_1/new/ssg.vhd:]
WARNING: [filemgmt 56-199] Attempt to get parsing info during refresh. "On-the-fly" syntax checking information may be incorrect. [C:/Users/DanB/Desktop/ProcesorFinal/Mips16/test_env.srcs/sources_1/new/ROM.vhd:]
ERROR: [Common 17-180] Spawn failed: No error
reset_run synth_1
launch_runs impl_1 -jobs 4
[Fri Apr 21 15:33:27 2017] Launched synth_1...
Run output will be captured here: C:/Users/DanB/Desktop/ProcesorFinal/Mips16/Mips16.runs/synth_1/runme.log
[Fri Apr 21 15:33:27 2017] Launched impl_1...
Run output will be captured here: C:/Users/DanB/Desktop/ProcesorFinal/Mips16/Mips16.runs/impl_1/runme.log
update_files -from_files {{C:/Users/DanB/Desktop/ProcesorFinal/Mips16/test_env.srcs/constrs_1/imports/test_env/New Text Document.xdc}} -to_files {{D:/Faculta/Anul II/Sem II/AC lab/Basys3_test_env.xdc}} -filesets [get_filesets *]
INFO: [filemgmt 20-762] Replacing file 'D:/Faculta/Anul II/Sem II/AC lab/Basys3_test_env.xdc' with file 'C:/Users/DanB/Desktop/ProcesorFinal/Mips16/test_env.srcs/constrs_1/imports/test_env/New Text Document.xdc'.
reset_run synth_1
launch_runs impl_1 -jobs 4
[Fri Apr 21 15:35:12 2017] Launched synth_1...
Run output will be captured here: C:/Users/DanB/Desktop/ProcesorFinal/Mips16/Mips16.runs/synth_1/runme.log
[Fri Apr 21 15:35:12 2017] Launched impl_1...
Run output will be captured here: C:/Users/DanB/Desktop/ProcesorFinal/Mips16/Mips16.runs/impl_1/runme.log
launch_runs impl_1 -to_step write_bitstream -jobs 4
[Fri Apr 21 15:42:44 2017] Launched impl_1...
Run output will be captured here: C:/Users/DanB/Desktop/ProcesorFinal/Mips16/Mips16.runs/impl_1/runme.log
reset_run impl_1 -prev_step 
launch_runs impl_1 -to_step write_bitstream -jobs 4
[Fri Apr 21 15:44:26 2017] Launched impl_1...
Run output will be captured here: C:/Users/DanB/Desktop/ProcesorFinal/Mips16/Mips16.runs/impl_1/runme.log
exit
INFO: [Common 17-206] Exiting Vivado at Fri Apr 21 15:47:01 2017...
