
*** Running vivado
    with args -log Main.vds -m64 -product Vivado -mode batch -messageDb vivado.pb -notrace -source Main.tcl


****** Vivado v2016.4 (64-bit)
  **** SW Build 1756540 on Mon Jan 23 19:11:23 MST 2017
  **** IP Build 1755317 on Mon Jan 23 20:30:07 MST 2017
    ** Copyright 1986-2016 Xilinx, Inc. All Rights Reserved.

source Main.tcl -notrace
Command: synth_design -top Main -part xc7a35tcpg236-1
Starting synth_design
Attempting to get a license for feature 'Synthesis' and/or device 'xc7a35t'
INFO: [Common 17-349] Got license for feature 'Synthesis' and/or device 'xc7a35t'
INFO: Launching helper process for spawning children vivado processes
INFO: Helper process launched with PID 9724 
---------------------------------------------------------------------------------
Starting RTL Elaboration : Time (s): cpu = 00:00:18 ; elapsed = 00:00:27 . Memory (MB): peak = 283.504 ; gain = 73.023
---------------------------------------------------------------------------------
INFO: [Synth 8-638] synthesizing module 'Main' [C:/Users/DanB/Desktop/AC_LAB9/AC_LAB9/MIPS/MIPS_final.srcs/sources_1/new/test_env.vhd:15]
INFO: [Synth 8-3491] module 'MPG' declared at 'C:/Users/DanB/Desktop/AC_LAB9/AC_LAB9/MIPS/MIPS_final.srcs/sources_1/new/MPG.vhd:6' bound to instance 'p1' of component 'MPG' [C:/Users/DanB/Desktop/AC_LAB9/AC_LAB9/MIPS/MIPS_final.srcs/sources_1/new/test_env.vhd:111]
INFO: [Synth 8-638] synthesizing module 'MPG' [C:/Users/DanB/Desktop/AC_LAB9/AC_LAB9/MIPS/MIPS_final.srcs/sources_1/new/MPG.vhd:12]
INFO: [Synth 8-256] done synthesizing module 'MPG' (1#1) [C:/Users/DanB/Desktop/AC_LAB9/AC_LAB9/MIPS/MIPS_final.srcs/sources_1/new/MPG.vhd:12]
INFO: [Synth 8-3491] module 'MPG' declared at 'C:/Users/DanB/Desktop/AC_LAB9/AC_LAB9/MIPS/MIPS_final.srcs/sources_1/new/MPG.vhd:6' bound to instance 'p2' of component 'MPG' [C:/Users/DanB/Desktop/AC_LAB9/AC_LAB9/MIPS/MIPS_final.srcs/sources_1/new/test_env.vhd:112]
INFO: [Synth 8-3491] module 'InstructionFetch' declared at 'C:/Users/DanB/Desktop/AC_LAB9/AC_LAB9/MIPS/MIPS_final.srcs/sources_1/new/IFetch.vhd:7' bound to instance 'p3' of component 'InstructionFetch' [C:/Users/DanB/Desktop/AC_LAB9/AC_LAB9/MIPS/MIPS_final.srcs/sources_1/new/test_env.vhd:113]
INFO: [Synth 8-638] synthesizing module 'InstructionFetch' [C:/Users/DanB/Desktop/AC_LAB9/AC_LAB9/MIPS/MIPS_final.srcs/sources_1/new/IFetch.vhd:20]
WARNING: [Synth 8-614] signal 'reset' is read in the process but is not in the sensitivity list [C:/Users/DanB/Desktop/AC_LAB9/AC_LAB9/MIPS/MIPS_final.srcs/sources_1/new/IFetch.vhd:46]
WARNING: [Synth 8-614] signal 'BranchAddress' is read in the process but is not in the sensitivity list [C:/Users/DanB/Desktop/AC_LAB9/AC_LAB9/MIPS/MIPS_final.srcs/sources_1/new/IFetch.vhd:60]
WARNING: [Synth 8-614] signal 'sum_out' is read in the process but is not in the sensitivity list [C:/Users/DanB/Desktop/AC_LAB9/AC_LAB9/MIPS/MIPS_final.srcs/sources_1/new/IFetch.vhd:60]
WARNING: [Synth 8-614] signal 'JumpAddress' is read in the process but is not in the sensitivity list [C:/Users/DanB/Desktop/AC_LAB9/AC_LAB9/MIPS/MIPS_final.srcs/sources_1/new/IFetch.vhd:68]
WARNING: [Synth 8-614] signal 'mux1_out' is read in the process but is not in the sensitivity list [C:/Users/DanB/Desktop/AC_LAB9/AC_LAB9/MIPS/MIPS_final.srcs/sources_1/new/IFetch.vhd:68]
INFO: [Synth 8-256] done synthesizing module 'InstructionFetch' (2#1) [C:/Users/DanB/Desktop/AC_LAB9/AC_LAB9/MIPS/MIPS_final.srcs/sources_1/new/IFetch.vhd:20]
INFO: [Synth 8-3491] module 'UC' declared at 'C:/Users/DanB/Desktop/AC_LAB9/AC_LAB9/MIPS/MIPS_final.srcs/sources_1/new/UControl.vhd:5' bound to instance 'p4' of component 'UC' [C:/Users/DanB/Desktop/AC_LAB9/AC_LAB9/MIPS/MIPS_final.srcs/sources_1/new/test_env.vhd:114]
INFO: [Synth 8-638] synthesizing module 'UC' [C:/Users/DanB/Desktop/AC_LAB9/AC_LAB9/MIPS/MIPS_final.srcs/sources_1/new/UControl.vhd:18]
INFO: [Synth 8-256] done synthesizing module 'UC' (3#1) [C:/Users/DanB/Desktop/AC_LAB9/AC_LAB9/MIPS/MIPS_final.srcs/sources_1/new/UControl.vhd:18]
INFO: [Synth 8-3491] module 'InstructionDecode' declared at 'C:/Users/DanB/Desktop/AC_LAB9/AC_LAB9/MIPS/MIPS_final.srcs/sources_1/new/ID.vhd:4' bound to instance 'p5' of component 'InstructionDecode' [C:/Users/DanB/Desktop/AC_LAB9/AC_LAB9/MIPS/MIPS_final.srcs/sources_1/new/test_env.vhd:116]
INFO: [Synth 8-638] synthesizing module 'InstructionDecode' [C:/Users/DanB/Desktop/AC_LAB9/AC_LAB9/MIPS/MIPS_final.srcs/sources_1/new/ID.vhd:19]
INFO: [Synth 8-3491] module 'Reg_File' declared at 'C:/Users/DanB/Desktop/AC_LAB9/AC_LAB9/MIPS/MIPS_final.srcs/sources_1/new/RF.vhd:6' bound to instance 'p1' of component 'Reg_File' [C:/Users/DanB/Desktop/AC_LAB9/AC_LAB9/MIPS/MIPS_final.srcs/sources_1/new/ID.vhd:46]
INFO: [Synth 8-638] synthesizing module 'Reg_File' [C:/Users/DanB/Desktop/AC_LAB9/AC_LAB9/MIPS/MIPS_final.srcs/sources_1/new/RF.vhd:18]
WARNING: [Synth 8-614] signal 'RA1' is read in the process but is not in the sensitivity list [C:/Users/DanB/Desktop/AC_LAB9/AC_LAB9/MIPS/MIPS_final.srcs/sources_1/new/RF.vhd:29]
WARNING: [Synth 8-614] signal 'RA2' is read in the process but is not in the sensitivity list [C:/Users/DanB/Desktop/AC_LAB9/AC_LAB9/MIPS/MIPS_final.srcs/sources_1/new/RF.vhd:29]
INFO: [Synth 8-256] done synthesizing module 'Reg_File' (4#1) [C:/Users/DanB/Desktop/AC_LAB9/AC_LAB9/MIPS/MIPS_final.srcs/sources_1/new/RF.vhd:18]
INFO: [Synth 8-256] done synthesizing module 'InstructionDecode' (5#1) [C:/Users/DanB/Desktop/AC_LAB9/AC_LAB9/MIPS/MIPS_final.srcs/sources_1/new/ID.vhd:19]
INFO: [Synth 8-3491] module 'MEM' declared at 'C:/Users/DanB/Desktop/AC_LAB9/AC_LAB9/MIPS/MIPS_final.srcs/sources_1/new/MEM.vhd:6' bound to instance 'p6' of component 'MEM' [C:/Users/DanB/Desktop/AC_LAB9/AC_LAB9/MIPS/MIPS_final.srcs/sources_1/new/test_env.vhd:118]
INFO: [Synth 8-638] synthesizing module 'MEM' [C:/Users/DanB/Desktop/AC_LAB9/AC_LAB9/MIPS/MIPS_final.srcs/sources_1/new/MEM.vhd:16]
WARNING: [Synth 8-614] signal 'ALU_mem' is read in the process but is not in the sensitivity list [C:/Users/DanB/Desktop/AC_LAB9/AC_LAB9/MIPS/MIPS_final.srcs/sources_1/new/MEM.vhd:36]
INFO: [Synth 8-256] done synthesizing module 'MEM' (6#1) [C:/Users/DanB/Desktop/AC_LAB9/AC_LAB9/MIPS/MIPS_final.srcs/sources_1/new/MEM.vhd:16]
INFO: [Synth 8-3491] module 'EX' declared at 'C:/Users/DanB/Desktop/AC_LAB9/AC_LAB9/MIPS/MIPS_final.srcs/sources_1/new/EX.vhd:6' bound to instance 'p7' of component 'EX' [C:/Users/DanB/Desktop/AC_LAB9/AC_LAB9/MIPS/MIPS_final.srcs/sources_1/new/test_env.vhd:120]
INFO: [Synth 8-638] synthesizing module 'EX' [C:/Users/DanB/Desktop/AC_LAB9/AC_LAB9/MIPS/MIPS_final.srcs/sources_1/new/EX.vhd:24]
WARNING: [Synth 8-614] signal 'Ext_Imm' is read in the process but is not in the sensitivity list [C:/Users/DanB/Desktop/AC_LAB9/AC_LAB9/MIPS/MIPS_final.srcs/sources_1/new/EX.vhd:40]
WARNING: [Synth 8-614] signal 'RD2' is read in the process but is not in the sensitivity list [C:/Users/DanB/Desktop/AC_LAB9/AC_LAB9/MIPS/MIPS_final.srcs/sources_1/new/EX.vhd:40]
INFO: [Synth 8-226] default block is never used [C:/Users/DanB/Desktop/AC_LAB9/AC_LAB9/MIPS/MIPS_final.srcs/sources_1/new/EX.vhd:54]
WARNING: [Synth 8-614] signal 'ALU_in1' is read in the process but is not in the sensitivity list [C:/Users/DanB/Desktop/AC_LAB9/AC_LAB9/MIPS/MIPS_final.srcs/sources_1/new/EX.vhd:48]
WARNING: [Synth 8-614] signal 'ALU_in2' is read in the process but is not in the sensitivity list [C:/Users/DanB/Desktop/AC_LAB9/AC_LAB9/MIPS/MIPS_final.srcs/sources_1/new/EX.vhd:48]
WARNING: [Synth 8-614] signal 'rez_mult' is read in the process but is not in the sensitivity list [C:/Users/DanB/Desktop/AC_LAB9/AC_LAB9/MIPS/MIPS_final.srcs/sources_1/new/EX.vhd:48]
WARNING: [Synth 8-614] signal 'rez_ALU' is read in the process but is not in the sensitivity list [C:/Users/DanB/Desktop/AC_LAB9/AC_LAB9/MIPS/MIPS_final.srcs/sources_1/new/EX.vhd:48]
INFO: [Synth 8-256] done synthesizing module 'EX' (7#1) [C:/Users/DanB/Desktop/AC_LAB9/AC_LAB9/MIPS/MIPS_final.srcs/sources_1/new/EX.vhd:24]
WARNING: [Synth 8-614] signal 'Ext_Imm' is read in the process but is not in the sensitivity list [C:/Users/DanB/Desktop/AC_LAB9/AC_LAB9/MIPS/MIPS_final.srcs/sources_1/new/test_env.vhd:195]
WARNING: [Synth 8-614] signal 'ALU_Result_in' is read in the process but is not in the sensitivity list [C:/Users/DanB/Desktop/AC_LAB9/AC_LAB9/MIPS/MIPS_final.srcs/sources_1/new/test_env.vhd:195]
WARNING: [Synth 8-614] signal 'MEM_out' is read in the process but is not in the sensitivity list [C:/Users/DanB/Desktop/AC_LAB9/AC_LAB9/MIPS/MIPS_final.srcs/sources_1/new/test_env.vhd:195]
WARNING: [Synth 8-614] signal 'Reg_ID_EX' is read in the process but is not in the sensitivity list [C:/Users/DanB/Desktop/AC_LAB9/AC_LAB9/MIPS/MIPS_final.srcs/sources_1/new/test_env.vhd:195]
WARNING: [Synth 8-614] signal 'Reg_EX_MEM' is read in the process but is not in the sensitivity list [C:/Users/DanB/Desktop/AC_LAB9/AC_LAB9/MIPS/MIPS_final.srcs/sources_1/new/test_env.vhd:195]
WARNING: [Synth 8-614] signal 'Func' is read in the process but is not in the sensitivity list [C:/Users/DanB/Desktop/AC_LAB9/AC_LAB9/MIPS/MIPS_final.srcs/sources_1/new/test_env.vhd:195]
WARNING: [Synth 8-614] signal 'WrAddr' is read in the process but is not in the sensitivity list [C:/Users/DanB/Desktop/AC_LAB9/AC_LAB9/MIPS/MIPS_final.srcs/sources_1/new/test_env.vhd:195]
WARNING: [Synth 8-614] signal 'ALU_Result_out' is read in the process but is not in the sensitivity list [C:/Users/DanB/Desktop/AC_LAB9/AC_LAB9/MIPS/MIPS_final.srcs/sources_1/new/test_env.vhd:195]
WARNING: [Synth 8-614] signal 'ALU_Op' is read in the process but is not in the sensitivity list [C:/Users/DanB/Desktop/AC_LAB9/AC_LAB9/MIPS/MIPS_final.srcs/sources_1/new/test_env.vhd:215]
INFO: [Synth 8-3491] module 'SSD' declared at 'C:/Users/DanB/Desktop/AC_LAB9/AC_LAB9/MIPS/MIPS_final.srcs/sources_1/new/SSD.vhd:5' bound to instance 'p8' of component 'SSD' [C:/Users/DanB/Desktop/AC_LAB9/AC_LAB9/MIPS/MIPS_final.srcs/sources_1/new/test_env.vhd:233]
INFO: [Synth 8-638] synthesizing module 'SSD' [C:/Users/DanB/Desktop/AC_LAB9/AC_LAB9/MIPS/MIPS_final.srcs/sources_1/new/SSD.vhd:12]
INFO: [Synth 8-256] done synthesizing module 'SSD' (8#1) [C:/Users/DanB/Desktop/AC_LAB9/AC_LAB9/MIPS/MIPS_final.srcs/sources_1/new/SSD.vhd:12]
INFO: [Synth 8-256] done synthesizing module 'Main' (9#1) [C:/Users/DanB/Desktop/AC_LAB9/AC_LAB9/MIPS/MIPS_final.srcs/sources_1/new/test_env.vhd:15]
WARNING: [Synth 8-3331] design EX has unconnected port Sa
WARNING: [Synth 8-3331] design InstructionDecode has unconnected port Instr[15]
WARNING: [Synth 8-3331] design InstructionDecode has unconnected port Instr[14]
WARNING: [Synth 8-3331] design InstructionDecode has unconnected port Instr[13]
WARNING: [Synth 8-3331] design InstructionFetch has unconnected port btn[4]
WARNING: [Synth 8-3331] design InstructionFetch has unconnected port btn[3]
WARNING: [Synth 8-3331] design InstructionFetch has unconnected port btn[2]
WARNING: [Synth 8-3331] design InstructionFetch has unconnected port btn[1]
WARNING: [Synth 8-3331] design InstructionFetch has unconnected port btn[0]
WARNING: [Synth 8-3331] design Main has unconnected port sw[15]
WARNING: [Synth 8-3331] design Main has unconnected port sw[14]
WARNING: [Synth 8-3331] design Main has unconnected port sw[13]
WARNING: [Synth 8-3331] design Main has unconnected port sw[12]
WARNING: [Synth 8-3331] design Main has unconnected port sw[11]
WARNING: [Synth 8-3331] design Main has unconnected port sw[10]
WARNING: [Synth 8-3331] design Main has unconnected port sw[9]
WARNING: [Synth 8-3331] design Main has unconnected port sw[4]
WARNING: [Synth 8-3331] design Main has unconnected port sw[3]
WARNING: [Synth 8-3331] design Main has unconnected port sw[2]
WARNING: [Synth 8-3331] design Main has unconnected port sw[1]
---------------------------------------------------------------------------------
Finished RTL Elaboration : Time (s): cpu = 00:00:21 ; elapsed = 00:00:32 . Memory (MB): peak = 320.930 ; gain = 110.449
---------------------------------------------------------------------------------

Report Check Netlist: 
+------+------------------+-------+---------+-------+------------------+
|      |Item              |Errors |Warnings |Status |Description       |
+------+------------------+-------+---------+-------+------------------+
|1     |multi_driven_nets |      0|        0|Passed |Multi driven nets |
+------+------------------+-------+---------+-------+------------------+
---------------------------------------------------------------------------------
Finished RTL Optimization Phase 1 : Time (s): cpu = 00:00:22 ; elapsed = 00:00:33 . Memory (MB): peak = 320.930 ; gain = 110.449
---------------------------------------------------------------------------------
INFO: [Device 21-403] Loading part xc7a35tcpg236-1
INFO: [Project 1-570] Preparing netlist for logic optimization

Processing XDC Constraints
Initializing timing engine
Parsing XDC File [C:/Users/DanB/Desktop/AC_LAB9/AC_LAB9/MIPS/MIPS_final.srcs/constrs_1/imports/Desktop/Basys3_test_env1.xdc]
Finished Parsing XDC File [C:/Users/DanB/Desktop/AC_LAB9/AC_LAB9/MIPS/MIPS_final.srcs/constrs_1/imports/Desktop/Basys3_test_env1.xdc]
INFO: [Project 1-236] Implementation specific constraints were found while reading constraint file [C:/Users/DanB/Desktop/AC_LAB9/AC_LAB9/MIPS/MIPS_final.srcs/constrs_1/imports/Desktop/Basys3_test_env1.xdc]. These constraints will be ignored for synthesis but will be used in implementation. Impacted constraints are listed in the file [.Xil/Main_propImpl.xdc].
Resolution: To avoid this warning, move constraints listed in [.Xil/Main_propImpl.xdc] to another XDC file and exclude this new file from synthesis with the used_in_synthesis property (File Properties dialog in GUI) and re-run elaboration/synthesis.
Completed Processing XDC Constraints

INFO: [Project 1-111] Unisim Transformation Summary:
No Unisim elements were transformed.

Constraint Validation Runtime : Time (s): cpu = 00:00:00 ; elapsed = 00:00:00.015 . Memory (MB): peak = 613.180 ; gain = 0.000
---------------------------------------------------------------------------------
Finished Constraint Validation : Time (s): cpu = 00:00:52 ; elapsed = 00:01:17 . Memory (MB): peak = 613.180 ; gain = 402.699
---------------------------------------------------------------------------------
---------------------------------------------------------------------------------
Start Loading Part and Timing Information
---------------------------------------------------------------------------------
Loading part: xc7a35tcpg236-1
---------------------------------------------------------------------------------
Finished Loading Part and Timing Information : Time (s): cpu = 00:00:52 ; elapsed = 00:01:17 . Memory (MB): peak = 613.180 ; gain = 402.699
---------------------------------------------------------------------------------
---------------------------------------------------------------------------------
Start Applying 'set_property' XDC Constraints
---------------------------------------------------------------------------------
---------------------------------------------------------------------------------
Finished applying 'set_property' XDC Constraints : Time (s): cpu = 00:00:52 ; elapsed = 00:01:17 . Memory (MB): peak = 613.180 ; gain = 402.699
---------------------------------------------------------------------------------
INFO: [Synth 8-5544] ROM "mem" won't be mapped to Block RAM because address size (4) smaller than threshold (5)
WARNING: [Synth 8-3936] Found unconnected internal register 'rez_mult_reg' and it is trimmed from '32' to '16' bits. [C:/Users/DanB/Desktop/AC_LAB9/AC_LAB9/MIPS/MIPS_final.srcs/sources_1/new/EX.vhd:62]
WARNING: [Synth 8-327] inferring latch for variable 'extension_reg' [C:/Users/DanB/Desktop/AC_LAB9/AC_LAB9/MIPS/MIPS_final.srcs/sources_1/new/ID.vhd:37]
WARNING: [Synth 8-327] inferring latch for variable 'Zero_reg' [C:/Users/DanB/Desktop/AC_LAB9/AC_LAB9/MIPS/MIPS_final.srcs/sources_1/new/EX.vhd:51]
WARNING: [Synth 8-327] inferring latch for variable 'rez_mult_reg' [C:/Users/DanB/Desktop/AC_LAB9/AC_LAB9/MIPS/MIPS_final.srcs/sources_1/new/EX.vhd:62]
WARNING: [Synth 8-327] inferring latch for variable 'led_reg' [C:/Users/DanB/Desktop/AC_LAB9/AC_LAB9/MIPS/MIPS_final.srcs/sources_1/new/test_env.vhd:218]
WARNING: [Synth 8-327] inferring latch for variable 'WD_reg' [C:/Users/DanB/Desktop/AC_LAB9/AC_LAB9/MIPS/MIPS_final.srcs/sources_1/new/test_env.vhd:116]
---------------------------------------------------------------------------------
Finished RTL Optimization Phase 2 : Time (s): cpu = 00:00:53 ; elapsed = 00:01:18 . Memory (MB): peak = 613.180 ; gain = 402.699
---------------------------------------------------------------------------------

Report RTL Partitions: 
+-+--------------+------------+----------+
| |RTL Partition |Replication |Instances |
+-+--------------+------------+----------+
+-+--------------+------------+----------+
---------------------------------------------------------------------------------
Start RTL Component Statistics 
---------------------------------------------------------------------------------
Detailed RTL Component Info : 
+---Adders : 
	   2 Input     16 Bit       Adders := 3     
	   3 Input     16 Bit       Adders := 1     
+---XORs : 
	   2 Input     16 Bit         XORs := 1     
+---Registers : 
	               83 Bit    Registers := 1     
	               56 Bit    Registers := 1     
	               37 Bit    Registers := 1     
	               32 Bit    Registers := 1     
	               16 Bit    Registers := 1     
	                1 Bit    Registers := 6     
+---RAMs : 
	             1024 Bit         RAMs := 1     
	              128 Bit         RAMs := 1     
+---Muxes : 
	   2 Input     16 Bit        Muxes := 5     
	  17 Input     16 Bit        Muxes := 1     
	   4 Input      4 Bit        Muxes := 2     
	   2 Input      3 Bit        Muxes := 1     
	   8 Input      1 Bit        Muxes := 9     
	   2 Input      1 Bit        Muxes := 1     
	  15 Input      1 Bit        Muxes := 1     
---------------------------------------------------------------------------------
Finished RTL Component Statistics 
---------------------------------------------------------------------------------
---------------------------------------------------------------------------------
Start RTL Hierarchical Component Statistics 
---------------------------------------------------------------------------------
Hierarchical RTL Component report 
Module Main 
Detailed RTL Component Info : 
+---Registers : 
	               83 Bit    Registers := 1     
	               56 Bit    Registers := 1     
	               37 Bit    Registers := 1     
	               32 Bit    Registers := 1     
+---Muxes : 
	   2 Input     16 Bit        Muxes := 2     
Module MPG 
Detailed RTL Component Info : 
+---Registers : 
	                1 Bit    Registers := 3     
Module InstructionFetch 
Detailed RTL Component Info : 
+---Adders : 
	   2 Input     16 Bit       Adders := 1     
+---Registers : 
	               16 Bit    Registers := 1     
+---Muxes : 
	   2 Input     16 Bit        Muxes := 2     
	  17 Input     16 Bit        Muxes := 1     
Module UC 
Detailed RTL Component Info : 
+---Muxes : 
	   8 Input      1 Bit        Muxes := 8     
Module Reg_File 
Detailed RTL Component Info : 
+---RAMs : 
	              128 Bit         RAMs := 1     
Module InstructionDecode 
Detailed RTL Component Info : 
+---Muxes : 
	   2 Input      1 Bit        Muxes := 1     
Module MEM 
Detailed RTL Component Info : 
+---RAMs : 
	             1024 Bit         RAMs := 1     
Module EX 
Detailed RTL Component Info : 
+---Adders : 
	   2 Input     16 Bit       Adders := 2     
	   3 Input     16 Bit       Adders := 1     
+---XORs : 
	   2 Input     16 Bit         XORs := 1     
+---Muxes : 
	   2 Input     16 Bit        Muxes := 1     
	   2 Input      3 Bit        Muxes := 1     
	   8 Input      1 Bit        Muxes := 1     
	  15 Input      1 Bit        Muxes := 1     
Module SSD 
Detailed RTL Component Info : 
+---Muxes : 
	   4 Input      4 Bit        Muxes := 2     
---------------------------------------------------------------------------------
Finished RTL Hierarchical Component Statistics
---------------------------------------------------------------------------------
---------------------------------------------------------------------------------
Start Part Resource Summary
---------------------------------------------------------------------------------
Part Resources:
DSPs: 90 (col length:60)
BRAMs: 100 (col length: RAMB18 60 RAMB36 30)
---------------------------------------------------------------------------------
Finished Part Resource Summary
---------------------------------------------------------------------------------
---------------------------------------------------------------------------------
Start Cross Boundary and Area Optimization
---------------------------------------------------------------------------------
DSP Report: Generating DSP p7/multOp, operation Mode is: A2*B.
DSP Report: register A is absorbed into DSP p7/multOp.
DSP Report: operator p7/multOp is absorbed into DSP p7/multOp.
WARNING: [Synth 8-3331] design Main has unconnected port btn[3]
WARNING: [Synth 8-3331] design Main has unconnected port btn[2]
WARNING: [Synth 8-3331] design Main has unconnected port btn[1]
WARNING: [Synth 8-3331] design Main has unconnected port sw[15]
WARNING: [Synth 8-3331] design Main has unconnected port sw[14]
WARNING: [Synth 8-3331] design Main has unconnected port sw[13]
WARNING: [Synth 8-3331] design Main has unconnected port sw[12]
WARNING: [Synth 8-3331] design Main has unconnected port sw[11]
WARNING: [Synth 8-3331] design Main has unconnected port sw[10]
WARNING: [Synth 8-3331] design Main has unconnected port sw[9]
WARNING: [Synth 8-3331] design Main has unconnected port sw[4]
WARNING: [Synth 8-3331] design Main has unconnected port sw[3]
WARNING: [Synth 8-3331] design Main has unconnected port sw[2]
WARNING: [Synth 8-3331] design Main has unconnected port sw[1]
INFO: [Synth 8-3886] merging instance 'Reg_IF_ID_reg[6]' (FDE) to 'Reg_IF_ID_reg[3]'
INFO: [Synth 8-3886] merging instance 'Reg_IF_ID_reg[9]' (FDE) to 'Reg_IF_ID_reg[3]'
INFO: [Synth 8-3333] propagating constant 0 across sequential element (\Reg_IF_ID_reg[3] )
INFO: [Synth 8-3886] merging instance 'p5/extension_reg[12]' (LD) to 'p5/extension_reg[15]'
INFO: [Synth 8-3886] merging instance 'p5/extension_reg[8]' (LD) to 'p5/extension_reg[15]'
INFO: [Synth 8-3886] merging instance 'p5/extension_reg[13]' (LD) to 'p5/extension_reg[15]'
INFO: [Synth 8-3886] merging instance 'p5/extension_reg[9]' (LD) to 'p5/extension_reg[15]'
INFO: [Synth 8-3886] merging instance 'p5/extension_reg[14]' (LD) to 'p5/extension_reg[15]'
INFO: [Synth 8-3886] merging instance 'p5/extension_reg[6]' (LD) to 'p5/extension_reg[3]'
INFO: [Synth 8-3886] merging instance 'p5/extension_reg[10]' (LD) to 'p5/extension_reg[15]'
INFO: [Synth 8-3886] merging instance 'Reg_ID_EX_reg[9]' (FDE) to 'Reg_ID_EX_reg[15]'
INFO: [Synth 8-3886] merging instance 'Reg_ID_EX_reg[15]' (FDE) to 'Reg_ID_EX_reg[18]'
INFO: [Synth 8-3886] merging instance 'Reg_ID_EX_reg[18]' (FDE) to 'Reg_IF_ID_reg[3]'
INFO: [Synth 8-3886] merging instance 'Reg_ID_EX_reg[31]' (FDE) to 'Reg_ID_EX_reg[27]'
INFO: [Synth 8-3886] merging instance 'Reg_ID_EX_reg[32]' (FDE) to 'Reg_ID_EX_reg[27]'
INFO: [Synth 8-3886] merging instance 'Reg_ID_EX_reg[33]' (FDE) to 'Reg_ID_EX_reg[27]'
INFO: [Synth 8-3886] merging instance 'Reg_ID_EX_reg[34]' (FDE) to 'Reg_ID_EX_reg[27]'
INFO: [Synth 8-3886] merging instance 'p5/extension_reg[15]' (LD) to 'p5/extension_reg[11]'
INFO: [Synth 8-3886] merging instance 'p5/extension_reg[7]' (LD) to 'p5/extension_reg[11]'
INFO: [Synth 8-3886] merging instance 'Reg_ID_EX_reg[25]' (FDE) to 'Reg_ID_EX_reg[22]'
INFO: [Synth 8-3886] merging instance 'Reg_ID_EX_reg[26]' (FDE) to 'Reg_ID_EX_reg[27]'
INFO: [Synth 8-3886] merging instance 'Reg_ID_EX_reg[27]' (FDE) to 'Reg_ID_EX_reg[28]'
INFO: [Synth 8-3886] merging instance 'Reg_ID_EX_reg[28]' (FDE) to 'Reg_ID_EX_reg[29]'
INFO: [Synth 8-3886] merging instance 'Reg_ID_EX_reg[29]' (FDE) to 'Reg_ID_EX_reg[30]'
INFO: [Synth 8-3886] merging instance 'led_reg[9]' (LD) to 'led_reg[10]'
INFO: [Synth 8-3886] merging instance 'led_reg[10]' (LD) to 'led_reg[11]'
INFO: [Synth 8-3886] merging instance 'led_reg[11]' (LD) to 'led_reg[12]'
INFO: [Synth 8-3886] merging instance 'led_reg[12]' (LD) to 'led_reg[13]'
INFO: [Synth 8-3886] merging instance 'led_reg[13]' (LD) to 'led_reg[14]'
INFO: [Synth 8-3886] merging instance 'led_reg[14]' (LD) to 'led_reg[15]'
INFO: [Synth 8-3333] propagating constant 0 across sequential element (\led_reg[15] )
INFO: [Synth 8-3333] propagating constant 0 across sequential element (\Reg_IF_ID_reg[3] )
INFO: [Synth 8-3886] merging instance 'p5/extension_reg[11]' (LD) to 'p5/extension_reg[3]'
INFO: [Synth 8-3333] propagating constant 0 across sequential element (\p5/extension_reg[3] )
INFO: [Synth 8-3886] merging instance 'Reg_ID_EX_reg[30]' (FDE) to 'Reg_EX_MEM_reg[6]'
INFO: [Synth 8-3886] merging instance 'Reg_ID_EX_reg[22]' (FDE) to 'Reg_EX_MEM_reg[6]'
INFO: [Synth 8-3886] merging instance 'Reg_IF_ID_reg[3]' (FDE) to 'Reg_EX_MEM_reg[6]'
INFO: [Synth 8-3333] propagating constant 0 across sequential element (\Reg_EX_MEM_reg[6] )
INFO: [Synth 8-3886] merging instance 'Reg_EX_MEM_reg[6]' (FDE) to 'Reg_MEM_WB_reg[4]'
INFO: [Synth 8-3333] propagating constant 0 across sequential element (\Reg_MEM_WB_reg[4] )
WARNING: [Synth 8-3332] Sequential element (p5/extension_reg[3]) is unused and will be removed from module Main.
WARNING: [Synth 8-3332] Sequential element (p7/Zero_reg) is unused and will be removed from module Main.
WARNING: [Synth 8-3332] Sequential element (led_reg[15]) is unused and will be removed from module Main.
WARNING: [Synth 8-3332] Sequential element (led_reg[8]) is unused and will be removed from module Main.
WARNING: [Synth 8-3332] Sequential element (led_reg[7]) is unused and will be removed from module Main.
WARNING: [Synth 8-3332] Sequential element (led_reg[6]) is unused and will be removed from module Main.
WARNING: [Synth 8-3332] Sequential element (led_reg[5]) is unused and will be removed from module Main.
WARNING: [Synth 8-3332] Sequential element (led_reg[4]) is unused and will be removed from module Main.
WARNING: [Synth 8-3332] Sequential element (led_reg[3]) is unused and will be removed from module Main.
WARNING: [Synth 8-3332] Sequential element (led_reg[2]) is unused and will be removed from module Main.
WARNING: [Synth 8-3332] Sequential element (led_reg[1]) is unused and will be removed from module Main.
WARNING: [Synth 8-3332] Sequential element (led_reg[0]) is unused and will be removed from module Main.
WARNING: [Synth 8-3332] Sequential element (WD_reg[15]) is unused and will be removed from module Main.
WARNING: [Synth 8-3332] Sequential element (WD_reg[14]) is unused and will be removed from module Main.
WARNING: [Synth 8-3332] Sequential element (WD_reg[13]) is unused and will be removed from module Main.
WARNING: [Synth 8-3332] Sequential element (WD_reg[12]) is unused and will be removed from module Main.
WARNING: [Synth 8-3332] Sequential element (WD_reg[11]) is unused and will be removed from module Main.
WARNING: [Synth 8-3332] Sequential element (WD_reg[10]) is unused and will be removed from module Main.
WARNING: [Synth 8-3332] Sequential element (WD_reg[9]) is unused and will be removed from module Main.
WARNING: [Synth 8-3332] Sequential element (WD_reg[8]) is unused and will be removed from module Main.
WARNING: [Synth 8-3332] Sequential element (WD_reg[7]) is unused and will be removed from module Main.
WARNING: [Synth 8-3332] Sequential element (WD_reg[6]) is unused and will be removed from module Main.
WARNING: [Synth 8-3332] Sequential element (WD_reg[5]) is unused and will be removed from module Main.
WARNING: [Synth 8-3332] Sequential element (WD_reg[4]) is unused and will be removed from module Main.
WARNING: [Synth 8-3332] Sequential element (WD_reg[3]) is unused and will be removed from module Main.
WARNING: [Synth 8-3332] Sequential element (WD_reg[2]) is unused and will be removed from module Main.
WARNING: [Synth 8-3332] Sequential element (WD_reg[1]) is unused and will be removed from module Main.
WARNING: [Synth 8-3332] Sequential element (WD_reg[0]) is unused and will be removed from module Main.
WARNING: [Synth 8-3332] Sequential element (Reg_MEM_WB_reg[4]) is unused and will be removed from module Main.
---------------------------------------------------------------------------------
Finished Cross Boundary and Area Optimization : Time (s): cpu = 00:01:02 ; elapsed = 00:01:27 . Memory (MB): peak = 613.180 ; gain = 402.699
---------------------------------------------------------------------------------
---------------------------------------------------------------------------------
Start ROM, RAM, DSP and Shift Register Reporting
---------------------------------------------------------------------------------

Distributed RAM: Preliminary Mapping  Report (see note below)
+------------+---------------+-----------+----------------------+-----------------+
|Module Name | RTL Object    | Inference | Size (Depth x Width) | Primitives      | 
+------------+---------------+-----------+----------------------+-----------------+
|Main        | p5/p1/mem_reg | Implied   | 8 x 16               | RAM32M x 6      | 
|Main        | p6/RAM_reg    | Implied   | 64 x 16              | RAM64X1S x 16   | 
+------------+---------------+-----------+----------------------+-----------------+

Note: The table above is a preliminary report that shows the Distributed RAMs at the current stage of the synthesis flow. Some Distributed RAMs may be reimplemented as non Distributed RAM primitives later in the synthesis flow. Multiple instantiated RAMs are reported only once.

DSP: Preliminary Mapping  Report (see note below)
+------------+-------------+--------+--------+--------+--------+--------+------+------+------+------+-------+------+------+
|Module Name | DSP Mapping | A Size | B Size | C Size | D Size | P Size | AREG | BREG | CREG | DREG | ADREG | MREG | PREG | 
+------------+-------------+--------+--------+--------+--------+--------+------+------+------+------+-------+------+------+
|Main        | A2*B        | 16     | 16     | -      | -      | 32     | 1    | 0    | -    | -    | -     | 0    | 0    | 
+------------+-------------+--------+--------+--------+--------+--------+------+------+------+------+-------+------+------+

Note: The table above is a preliminary report that shows the DSPs inferred at the current stage of the synthesis flow. Some DSP may be reimplemented as non DSP primitives later in the synthesis flow. Multiple instantiated DSPs are reported only once.
---------------------------------------------------------------------------------
Finished ROM, RAM, DSP and Shift Register Reporting
---------------------------------------------------------------------------------

Report RTL Partitions: 
+-+--------------+------------+----------+
| |RTL Partition |Replication |Instances |
+-+--------------+------------+----------+
+-+--------------+------------+----------+
---------------------------------------------------------------------------------
Start Timing Optimization
---------------------------------------------------------------------------------
---------------------------------------------------------------------------------
Start Applying XDC Timing Constraints
---------------------------------------------------------------------------------
---------------------------------------------------------------------------------
Finished Applying XDC Timing Constraints : Time (s): cpu = 00:01:53 ; elapsed = 00:02:31 . Memory (MB): peak = 626.230 ; gain = 415.750
---------------------------------------------------------------------------------
---------------------------------------------------------------------------------
Finished Timing Optimization : Time (s): cpu = 00:01:53 ; elapsed = 00:02:31 . Memory (MB): peak = 626.230 ; gain = 415.750
---------------------------------------------------------------------------------

Report RTL Partitions: 
+-+--------------+------------+----------+
| |RTL Partition |Replication |Instances |
+-+--------------+------------+----------+
+-+--------------+------------+----------+
---------------------------------------------------------------------------------
Start Technology Mapping
---------------------------------------------------------------------------------
---------------------------------------------------------------------------------
Finished Technology Mapping : Time (s): cpu = 00:01:54 ; elapsed = 00:02:32 . Memory (MB): peak = 647.508 ; gain = 437.027
---------------------------------------------------------------------------------

Report RTL Partitions: 
+-+--------------+------------+----------+
| |RTL Partition |Replication |Instances |
+-+--------------+------------+----------+
+-+--------------+------------+----------+
---------------------------------------------------------------------------------
Start IO Insertion
---------------------------------------------------------------------------------
---------------------------------------------------------------------------------
Start Flattening Before IO Insertion
---------------------------------------------------------------------------------
---------------------------------------------------------------------------------
Finished Flattening Before IO Insertion
---------------------------------------------------------------------------------
---------------------------------------------------------------------------------
Start Final Netlist Cleanup
---------------------------------------------------------------------------------
---------------------------------------------------------------------------------
Finished Final Netlist Cleanup
---------------------------------------------------------------------------------
---------------------------------------------------------------------------------
Finished IO Insertion : Time (s): cpu = 00:01:56 ; elapsed = 00:02:34 . Memory (MB): peak = 647.508 ; gain = 437.027
---------------------------------------------------------------------------------

Report Check Netlist: 
+------+------------------+-------+---------+-------+------------------+
|      |Item              |Errors |Warnings |Status |Description       |
+------+------------------+-------+---------+-------+------------------+
|1     |multi_driven_nets |      0|        0|Passed |Multi driven nets |
+------+------------------+-------+---------+-------+------------------+
---------------------------------------------------------------------------------
Start Renaming Generated Instances
---------------------------------------------------------------------------------
---------------------------------------------------------------------------------
Finished Renaming Generated Instances : Time (s): cpu = 00:01:56 ; elapsed = 00:02:34 . Memory (MB): peak = 647.508 ; gain = 437.027
---------------------------------------------------------------------------------

Report RTL Partitions: 
+-+--------------+------------+----------+
| |RTL Partition |Replication |Instances |
+-+--------------+------------+----------+
+-+--------------+------------+----------+
---------------------------------------------------------------------------------
Start Rebuilding User Hierarchy
---------------------------------------------------------------------------------
---------------------------------------------------------------------------------
Finished Rebuilding User Hierarchy : Time (s): cpu = 00:01:56 ; elapsed = 00:02:34 . Memory (MB): peak = 647.508 ; gain = 437.027
---------------------------------------------------------------------------------
---------------------------------------------------------------------------------
Start Renaming Generated Ports
---------------------------------------------------------------------------------
---------------------------------------------------------------------------------
Finished Renaming Generated Ports : Time (s): cpu = 00:01:56 ; elapsed = 00:02:34 . Memory (MB): peak = 647.508 ; gain = 437.027
---------------------------------------------------------------------------------
---------------------------------------------------------------------------------
Start Handling Custom Attributes
---------------------------------------------------------------------------------
---------------------------------------------------------------------------------
Finished Handling Custom Attributes : Time (s): cpu = 00:01:56 ; elapsed = 00:02:35 . Memory (MB): peak = 647.508 ; gain = 437.027
---------------------------------------------------------------------------------
---------------------------------------------------------------------------------
Start Renaming Generated Nets
---------------------------------------------------------------------------------
---------------------------------------------------------------------------------
Finished Renaming Generated Nets : Time (s): cpu = 00:01:56 ; elapsed = 00:02:35 . Memory (MB): peak = 647.508 ; gain = 437.027
---------------------------------------------------------------------------------
---------------------------------------------------------------------------------
Start ROM, RAM, DSP and Shift Register Reporting
---------------------------------------------------------------------------------

Static Shift Register Report:
+------------+-------------------+--------+-------+--------------+--------------------+-------------------+--------+---------+
|Module Name | RTL Name          | Length | Width | Reset Signal | Pull out first Reg | Pull out last Reg | SRL16E | SRLC32E | 
+------------+-------------------+--------+-------+--------------+--------------------+-------------------+--------+---------+
|Main        | Reg_MEM_WB_reg[1] | 3      | 2     | NO           | NO                 | YES               | 2      | 0       | 
+------------+-------------------+--------+-------+--------------+--------------------+-------------------+--------+---------+

---------------------------------------------------------------------------------
Finished ROM, RAM, DSP and Shift Register Reporting
---------------------------------------------------------------------------------
---------------------------------------------------------------------------------
Start Writing Synthesis Report
---------------------------------------------------------------------------------

Report BlackBoxes: 
+-+--------------+----------+
| |BlackBox name |Instances |
+-+--------------+----------+
+-+--------------+----------+

Report Cell Usage: 
+------+---------+------+
|      |Cell     |Count |
+------+---------+------+
|1     |BUFG     |     1|
|2     |CARRY4   |    20|
|3     |DSP48E1  |     1|
|4     |LUT1     |    43|
|5     |LUT2     |    22|
|6     |LUT3     |    61|
|7     |LUT4     |    41|
|8     |LUT5     |    49|
|9     |LUT6     |   107|
|10    |MUXF7    |    29|
|11    |RAM32M   |     6|
|12    |RAM64X1S |    16|
|13    |SRL16E   |     2|
|14    |FDCE     |    20|
|15    |FDRE     |   207|
|16    |LD       |    21|
|17    |IBUF     |     8|
|18    |OBUF     |    27|
+------+---------+------+

Report Instance Areas: 
+------+---------+------------------+------+
|      |Instance |Module            |Cells |
+------+---------+------------------+------+
|1     |top      |                  |   681|
|2     |  p1     |MPG               |    51|
|3     |  p2     |MPG_0             |     4|
|4     |  p3     |InstructionFetch  |    74|
|5     |  p5     |InstructionDecode |    48|
|6     |    p1   |Reg_File          |    42|
|7     |  p6     |MEM               |    66|
|8     |  p7     |EX                |   149|
+------+---------+------------------+------+
---------------------------------------------------------------------------------
Finished Writing Synthesis Report : Time (s): cpu = 00:01:56 ; elapsed = 00:02:35 . Memory (MB): peak = 647.508 ; gain = 437.027
---------------------------------------------------------------------------------
Synthesis finished with 0 errors, 0 critical warnings and 49 warnings.
Synthesis Optimization Runtime : Time (s): cpu = 00:01:17 ; elapsed = 00:01:53 . Memory (MB): peak = 647.508 ; gain = 144.777
Synthesis Optimization Complete : Time (s): cpu = 00:01:57 ; elapsed = 00:02:36 . Memory (MB): peak = 647.508 ; gain = 437.027
INFO: [Project 1-571] Translating synthesized netlist
INFO: [Netlist 29-17] Analyzing 72 Unisim elements for replacement
INFO: [Netlist 29-28] Unisim Transformation completed in 0 CPU seconds
INFO: [Project 1-570] Preparing netlist for logic optimization
INFO: [Opt 31-138] Pushed 0 inverter(s) to 0 load pin(s).
INFO: [Project 1-111] Unisim Transformation Summary:
  A total of 43 instances were transformed.
  LD => LDCE: 21 instances
  RAM32M => RAM32M (RAMD32, RAMD32, RAMD32, RAMD32, RAMD32, RAMD32, RAMS32, RAMS32): 6 instances
  RAM64X1S => RAM64X1S (RAMS64E): 16 instances

INFO: [Common 17-83] Releasing license: Synthesis
90 Infos, 92 Warnings, 0 Critical Warnings and 0 Errors encountered.
synth_design completed successfully
synth_design: Time (s): cpu = 00:01:55 ; elapsed = 00:02:29 . Memory (MB): peak = 647.508 ; gain = 437.027
INFO: [Common 17-1381] The checkpoint 'C:/Users/DanB/Desktop/AC_LAB9/AC_LAB9/MIPS/MIPS_final.runs/synth_1/Main.dcp' has been generated.
report_utilization: Time (s): cpu = 00:00:00 ; elapsed = 00:00:00.063 . Memory (MB): peak = 647.508 ; gain = 0.000
INFO: [Common 17-206] Exiting Vivado at Fri May 12 14:18:12 2017...
