Copyright 1986-2016 Xilinx, Inc. All Rights Reserved.
----------------------------------------------------------------------------------------------------------------------------------
| Tool Version     : Vivado v.2016.4 (win64) Build 1756540 Mon Jan 23 19:11:23 MST 2017
| Date             : Fri May 12 14:22:38 2017
| Host             : Dan running 64-bit major release  (build 9200)
| Command          : report_power -file Main_power_routed.rpt -pb Main_power_summary_routed.pb -rpx Main_power_routed.rpx
| Design           : Main
| Device           : xc7a35tcpg236-1
| Design State     : routed
| Grade            : commercial
| Process          : typical
| Characterization : Production
----------------------------------------------------------------------------------------------------------------------------------

Power Report

Table of Contents
-----------------
1. Summary
1.1 On-Chip Components
1.2 Power Supply Summary
1.3 Confidence Level
2. Settings
2.1 Environment
2.2 Clock Constraints
3. Detailed Reports
3.1 By Hierarchy

1. Summary
----------

+--------------------------+----------------------------------+
| Total On-Chip Power (W)  | 24.368 (Junction temp exceeded!) |
| Dynamic (W)              | 23.882                           |
| Device Static (W)        | 0.486                            |
| Effective TJA (C/W)      | 5.0                              |
| Max Ambient (C)          | 0.0                              |
| Junction Temperature (C) | 125.0                            |
| Confidence Level         | Low                              |
| Setting File             | ---                              |
| Simulation Activity File | ---                              |
| Design Nets Matched      | NA                               |
+--------------------------+----------------------------------+


1.1 On-Chip Components
----------------------

+--------------------------+-----------+----------+-----------+-----------------+
| On-Chip                  | Power (W) | Used     | Available | Utilization (%) |
+--------------------------+-----------+----------+-----------+-----------------+
| Slice Logic              |     1.679 |      660 |       --- |             --- |
|   LUT as Logic           |     1.327 |      261 |     20800 |            1.25 |
|   LUT as Distributed RAM |     0.154 |       40 |      9600 |            0.42 |
|   CARRY4                 |     0.105 |       20 |      8150 |            0.25 |
|   Register               |     0.053 |      248 |     41600 |            0.60 |
|   F7/F8 Muxes            |     0.033 |       29 |     32600 |            0.09 |
|   BUFG                   |     0.006 |        1 |        32 |            3.13 |
|   LUT as Shift Register  |    <0.001 |        2 |      9600 |            0.02 |
|   Others                 |     0.000 |       14 |       --- |             --- |
| Signals                  |     2.252 |      576 |       --- |             --- |
| DSPs                     |     1.007 |        1 |        90 |            1.11 |
| I/O                      |    18.944 |       35 |       106 |           33.02 |
| Static Power             |     0.486 |          |           |                 |
| Total                    |    24.368 |          |           |                 |
+--------------------------+-----------+----------+-----------+-----------------+


1.2 Power Supply Summary
------------------------

+-----------+-------------+-----------+-------------+------------+
| Source    | Voltage (V) | Total (A) | Dynamic (A) | Static (A) |
+-----------+-------------+-----------+-------------+------------+
| Vccint    |       1.000 |     5.311 |       4.970 |      0.341 |
| Vccaux    |       1.800 |     0.746 |       0.693 |      0.053 |
| Vcco33    |       3.300 |     5.354 |       5.353 |      0.001 |
| Vcco25    |       2.500 |     0.000 |       0.000 |      0.000 |
| Vcco18    |       1.800 |     0.000 |       0.000 |      0.000 |
| Vcco15    |       1.500 |     0.000 |       0.000 |      0.000 |
| Vcco135   |       1.350 |     0.000 |       0.000 |      0.000 |
| Vcco12    |       1.200 |     0.000 |       0.000 |      0.000 |
| Vccaux_io |       1.800 |     0.000 |       0.000 |      0.000 |
| Vccbram   |       1.000 |     0.010 |       0.000 |      0.010 |
| MGTAVcc   |       1.000 |     0.000 |       0.000 |      0.000 |
| MGTAVtt   |       1.200 |     0.000 |       0.000 |      0.000 |
| Vccadc    |       1.800 |     0.020 |       0.000 |      0.020 |
+-----------+-------------+-----------+-------------+------------+


1.3 Confidence Level
--------------------

+-----------------------------+------------+--------------------------------------------------------+--------------------------------------------------------------------------------------------------------------------+
| User Input Data             | Confidence | Details                                                | Action                                                                                                             |
+-----------------------------+------------+--------------------------------------------------------+--------------------------------------------------------------------------------------------------------------------+
| Design implementation state | High       | Design is routed                                       |                                                                                                                    |
| Clock nodes activity        | Low        | User specified less than 75% of clocks                 | Provide missing clock activity with a constraint file, simulation results or by editing the "By Clock Domain" view |
| I/O nodes activity          | Low        | More than 75% of inputs are missing user specification | Provide missing input activity with simulation results or by editing the "By Resource Type -> I/Os" view           |
| Internal nodes activity     | Medium     | User specified less than 25% of internal nodes         | Provide missing internal nodes activity with simulation results or by editing the "By Resource Type" views         |
| Device models               | High       | Device models are Production                           |                                                                                                                    |
|                             |            |                                                        |                                                                                                                    |
| Overall confidence level    | Low        |                                                        |                                                                                                                    |
+-----------------------------+------------+--------------------------------------------------------+--------------------------------------------------------------------------------------------------------------------+


2. Settings
-----------

2.1 Environment
---------------

+-----------------------+--------------------------+
| Ambient Temp (C)      | 25.0                     |
| ThetaJA (C/W)         | 5.0                      |
| Airflow (LFM)         | 250                      |
| Heat Sink             | medium (Medium Profile)  |
| ThetaSA (C/W)         | 4.6                      |
| Board Selection       | medium (10"x10")         |
| # of Board Layers     | 12to15 (12 to 15 Layers) |
| Board Temperature (C) | 25.0                     |
+-----------------------+--------------------------+


2.2 Clock Constraints
---------------------

+-------+--------+-----------------+
| Clock | Domain | Constraint (ns) |
+-------+--------+-----------------+


3. Detailed Reports
-------------------

3.1 By Hierarchy
----------------

+----------------------------+-----------+
| Name                       | Power (W) |
+----------------------------+-----------+
| Main                       |    23.882 |
|   p1                       |     0.113 |
|   p2                       |    <0.001 |
|   p3                       |     0.264 |
|   p5                       |     0.570 |
|     p1                     |     0.569 |
|       mem_reg_r1_0_7_0_5   |     0.049 |
|       mem_reg_r1_0_7_12_15 |     0.026 |
|       mem_reg_r1_0_7_6_11  |     0.041 |
|       mem_reg_r2_0_7_0_5   |     0.071 |
|       mem_reg_r2_0_7_12_15 |     0.044 |
|       mem_reg_r2_0_7_6_11  |     0.059 |
|   p6                       |     0.646 |
|     RAM_reg_0_63_0_0       |     0.003 |
|     RAM_reg_0_63_10_10     |     0.004 |
|     RAM_reg_0_63_11_11     |     0.005 |
|     RAM_reg_0_63_12_12     |     0.003 |
|     RAM_reg_0_63_13_13     |     0.003 |
|     RAM_reg_0_63_14_14     |     0.004 |
|     RAM_reg_0_63_15_15     |     0.003 |
|     RAM_reg_0_63_1_1       |     0.004 |
|     RAM_reg_0_63_2_2       |     0.004 |
|     RAM_reg_0_63_3_3       |     0.004 |
|     RAM_reg_0_63_4_4       |     0.003 |
|     RAM_reg_0_63_5_5       |     0.005 |
|     RAM_reg_0_63_6_6       |     0.003 |
|     RAM_reg_0_63_7_7       |     0.004 |
|     RAM_reg_0_63_8_8       |     0.003 |
|     RAM_reg_0_63_9_9       |     0.003 |
|   p7                       |     2.279 |
+----------------------------+-----------+


