#-----------------------------------------------------------
# Vivado v2016.4 (64-bit)
# SW Build 1756540 on Mon Jan 23 19:11:23 MST 2017
# IP Build 1755317 on Mon Jan 23 20:30:07 MST 2017
# Start of session at: Fri May 05 14:20:29 2017
# Process ID: 4652
# Current directory: C:/Users/Denisa/AC_LAB9/MIPS
# Command line: vivado.exe -gui_launcher_event rodinguilauncherevent8616 C:\Users\Denisa\AC_LAB9\MIPS\MIPS_final.xpr
# Log file: C:/Users/Denisa/AC_LAB9/MIPS/vivado.log
# Journal file: C:/Users/Denisa/AC_LAB9/MIPS\vivado.jou
#-----------------------------------------------------------
start_gui
open_project C:/Users/Denisa/AC_LAB9/MIPS/MIPS_final.xpr
INFO: [Project 1-313] Project file moved from 'C:/Users/Denisa/Desktop/MIPS_final' since last save.
Scanning sources...
Finished scanning sources
INFO: [IP_Flow 19-234] Refreshing IP repositories
INFO: [IP_Flow 19-1704] No user IP repositories specified
INFO: [IP_Flow 19-2313] Loaded Vivado IP repository 'C:/Xilinx/Vivado/2016.4/data/ip'.
exit
INFO: [Common 17-206] Exiting Vivado at Fri May 05 14:21:02 2017...
: peak = 770.176 ; gain = 88.551
exit
INFO: [Common 17-206] Exiting Vivado at Fri May 05 15:49:18 2017...
