#-----------------------------------------------------------
# Vivado v2016.4 (64-bit)
# SW Build 1756540 on Mon Jan 23 19:11:23 MST 2017
# IP Build 1755317 on Mon Jan 23 20:30:07 MST 2017
# Start of session at: Mon Apr 24 10:34:59 2017
# Process ID: 7352
# Current directory: C:/Users/Denisa/Desktop/MIPS_final
# Command line: vivado.exe -gui_launcher_event rodinguilauncherevent11404 C:\Users\Denisa\Desktop\MIPS_final\MIPS_final.xpr
# Log file: C:/Users/Denisa/Desktop/MIPS_final/vivado.log
# Journal file: C:/Users/Denisa/Desktop/MIPS_final\vivado.jou
#-----------------------------------------------------------
start_gui
open_project C:/Users/Denisa/Desktop/MIPS_final/MIPS_final.xpr
Scanning sources...
Finished scanning sources
INFO: [IP_Flow 19-234] Refreshing IP repositories
INFO: [IP_Flow 19-1704] No user IP repositories specified
INFO: [IP_Flow 19-2313] Loaded Vivado IP repository 'C:/Xilinx/Vivado/2016.4/data/ip'.
open_project: Time (s): cpu = 00:00:09 ; elapsed = 00:00:05 . Memory (MB): peak = 766.816 ; gain = 83.770
exit
INFO: [Common 17-206] Exiting Vivado at Mon Apr 24 10:36:02 2017...
