#-----------------------------------------------------------
# Vivado v2016.4 (64-bit)
# SW Build 1756540 on Mon Jan 23 19:11:23 MST 2017
# IP Build 1755317 on Mon Jan 23 20:30:07 MST 2017
# Start of session at: Fri May 12 09:59:03 2017
# Process ID: 6868
# Current directory: C:/Users/DanB/Desktop/AC_LAB9/AC_LAB9/MIPS
# Command line: vivado.exe -gui_launcher_event rodinguilauncherevent9140 C:\Users\DanB\Desktop\AC_LAB9\AC_LAB9\MIPS\MIPS_final.xpr
# Log file: C:/Users/DanB/Desktop/AC_LAB9/AC_LAB9/MIPS/vivado.log
# Journal file: C:/Users/DanB/Desktop/AC_LAB9/AC_LAB9/MIPS\vivado.jou
#-----------------------------------------------------------
start_gui
open_project C:/Users/DanB/Desktop/AC_LAB9/AC_LAB9/MIPS/MIPS_final.xpr
INFO: [Project 1-313] Project file moved from 'C:/Users/Denisa/Desktop/AC_LAB9/MIPS' since last save.
Scanning sources...
Finished scanning sources
INFO: [IP_Flow 19-234] Refreshing IP repositories
INFO: [IP_Flow 19-1704] No user IP repositories specified
INFO: [IP_Flow 19-2313] Loaded Vivado IP repository 'D:/Xilinux/Vivado/2016.4/data/ip'.
open_project: Time (s): cpu = 00:00:37 ; elapsed = 00:00:20 . Memory (MB): peak = 772.387 ; gain = 154.461
exit
INFO: [Common 17-206] Exiting Vivado at Fri May 12 11:30:29 2017...
